==============================================================
File generated by Vivado(TM) HLS - High-Level Synthesis from C, C++ and SystemC
Version: 2017.1
Copyright (C) 1986-2017 Xilinx, Inc. All Rights Reserved.

==============================================================

INFO: [HLS 200-10] Setting target device to 'xc7z100ffg900-2'
INFO: [SYN 201-201] Setting up clock 'default' with a period of 10ns.
INFO: [HLS 200-10] Analyzing design file 'fullyconnected.cpp' ... 
INFO: [HLS 200-10] Analyzing design file 'convolution.cpp' ... 
INFO: [HLS 200-10] Analyzing design file 'rt_mnist.cpp' ... 
WARNING: [HLS 200-40] In file included from rt_mnist.cpp:13:
In file included from /upb/scratch/users/c/clienen/hw_build_mnist/build.msg/install/mnist_msgs/include/./mnist_msgs/srv/mnist.h:8:
/upb/scratch/users/c/clienen/hw_build_mnist/build.msg/install/mnist_msgs/include/./mnist_msgs/srv/mnist__struct.h:22:10: fatal error: 'sensor_msgs/msg/image__struct.h' file not found
#include "sensor_msgs/msg/image__struct.h"
         ^
1 error generated.

ERROR: [HLS 200-70] Compilation errors found:
Pragma processor failed: In file included from rt_mnist.cpp:13:
In file included from /upb/scratch/users/c/clienen/hw_build_mnist/build.msg/install/mnist_msgs/include/./mnist_msgs/srv/mnist.h:8:
/upb/scratch/users/c/clienen/hw_build_mnist/build.msg/install/mnist_msgs/include/./mnist_msgs/srv/mnist__struct.h:22:10: fatal error: 'sensor_msgs/msg/image__struct.h' file not found
#include "sensor_msgs/msg/image__struct.h"
         ^
1 error generated.
Failed checking during preprocessing.
    while executing
"source [lindex $::argv 1] "
    ("uplevel" body line 1)
    invoked from within
"uplevel \#0 { source [lindex $::argv 1] } "

