[1.096s] DEBUG:colcon:Command line arguments: ['/usr/bin/colcon', 'build']
[1.098s] DEBUG:colcon:Parsed command line arguments: Namespace(ament_cmake_args=None, base_paths=['.'], build_base='build', catkin_cmake_args=None, catkin_skip_building_tests=False, cmake_args=None, cmake_clean_cache=False, cmake_clean_first=False, cmake_force_configure=False, cmake_target=None, cmake_target_skip_unavailable=False, continue_on_error=False, event_handlers=None, executor='parallel', ignore_user_meta=False, install_base='install', log_base=None, log_level=None, main=<bound method BuildVerb.main of <colcon_core.verb.build.BuildVerb object at 0xfe6eda30>>, merge_install=False, metas=['./colcon.meta'], packages_above=None, packages_above_and_dependencies=None, packages_above_depth=None, packages_end=None, packages_ignore=None, packages_ignore_regex=None, packages_select=None, packages_select_build_failed=False, packages_select_by_dep=None, packages_select_regex=None, packages_select_test_failures=False, packages_skip=None, packages_skip_build_finished=False, packages_skip_by_dep=None, packages_skip_regex=None, packages_skip_test_passed=False, packages_skip_up_to=None, packages_start=None, packages_up_to=None, packages_up_to_regex=None, parallel_workers=12, paths=None, symlink_install=False, test_result_base=None, verb_extension=<colcon_core.verb.build.BuildVerb object at 0xfe6eda30>, verb_name='build', verb_parser=<colcon_defaults.argument_parser.defaults.DefaultArgumentsDecorator object at 0xfe6edc50>)
[1.132s] Level 1:colcon.colcon_core.package_discovery:discover_packages(colcon_meta) check parameters
[1.133s] Level 1:colcon.colcon_core.package_discovery:discover_packages(recursive) check parameters
[1.133s] Level 1:colcon.colcon_core.package_discovery:discover_packages(ignore) check parameters
[1.133s] Level 1:colcon.colcon_core.package_discovery:discover_packages(path) check parameters
[1.133s] Level 1:colcon.colcon_core.package_discovery:discover_packages(colcon_meta) discover
[1.135s] Level 1:colcon.colcon_core.package_discovery:discover_packages(recursive) discover
[1.135s] INFO:colcon.colcon_core.package_discovery:Crawling recursively for packages in '/mnt/project/build.msg'
[1.136s] Level 1:colcon.colcon_core.package_identification:_identify(.) by extensions ['ignore', 'ignore_ament_install']
[1.137s] Level 1:colcon.colcon_core.package_identification:_identify(.) by extension 'ignore'
[1.137s] Level 1:colcon.colcon_core.package_identification:_identify(.) by extension 'ignore_ament_install'
[1.138s] Level 1:colcon.colcon_core.package_identification:_identify(.) by extensions ['colcon_pkg']
[1.138s] Level 1:colcon.colcon_core.package_identification:_identify(.) by extension 'colcon_pkg'
[1.138s] Level 1:colcon.colcon_core.package_identification:_identify(.) by extensions ['colcon_meta']
[1.138s] Level 1:colcon.colcon_core.package_identification:_identify(.) by extension 'colcon_meta'
[1.139s] Level 1:colcon.colcon_core.package_identification:_identify(.) by extensions ['ros']
[1.139s] Level 1:colcon.colcon_core.package_identification:_identify(.) by extension 'ros'
[1.205s] Level 1:colcon.colcon_core.package_identification:_identify(.) by extensions ['cmake', 'python']
[1.205s] Level 1:colcon.colcon_core.package_identification:_identify(.) by extension 'cmake'
[1.206s] Level 1:colcon.colcon_core.package_identification:_identify(.) by extension 'python'
[1.206s] Level 1:colcon.colcon_core.package_identification:_identify(.) by extensions ['python_setup_py']
[1.206s] Level 1:colcon.colcon_core.package_identification:_identify(.) by extension 'python_setup_py'
[1.207s] Level 1:colcon.colcon_core.package_identification:_identify(build) by extensions ['ignore', 'ignore_ament_install']
[1.208s] Level 1:colcon.colcon_core.package_identification:_identify(build) by extension 'ignore'
[1.208s] Level 1:colcon.colcon_core.package_identification:_identify(build) ignored
[1.210s] Level 1:colcon.colcon_core.package_identification:_identify(install) by extensions ['ignore', 'ignore_ament_install']
[1.211s] Level 1:colcon.colcon_core.package_identification:_identify(install) by extension 'ignore'
[1.211s] Level 1:colcon.colcon_core.package_identification:_identify(install) ignored
[1.211s] Level 1:colcon.colcon_core.package_identification:_identify(log) by extensions ['ignore', 'ignore_ament_install']
[1.212s] Level 1:colcon.colcon_core.package_identification:_identify(log) by extension 'ignore'
[1.212s] Level 1:colcon.colcon_core.package_identification:_identify(log) ignored
[1.213s] Level 1:colcon.colcon_core.package_identification:_identify(mnist_msgs) by extensions ['ignore', 'ignore_ament_install']
[1.213s] Level 1:colcon.colcon_core.package_identification:_identify(mnist_msgs) by extension 'ignore'
[1.214s] Level 1:colcon.colcon_core.package_identification:_identify(mnist_msgs) by extension 'ignore_ament_install'
[1.214s] Level 1:colcon.colcon_core.package_identification:_identify(mnist_msgs) by extensions ['colcon_pkg']
[1.214s] Level 1:colcon.colcon_core.package_identification:_identify(mnist_msgs) by extension 'colcon_pkg'
[1.215s] Level 1:colcon.colcon_core.package_identification:_identify(mnist_msgs) by extensions ['colcon_meta']
[1.215s] Level 1:colcon.colcon_core.package_identification:_identify(mnist_msgs) by extension 'colcon_meta'
[1.215s] Level 1:colcon.colcon_core.package_identification:_identify(mnist_msgs) by extensions ['ros']
[1.215s] Level 1:colcon.colcon_core.package_identification:_identify(mnist_msgs) by extension 'ros'
[1.238s] DEBUG:colcon.colcon_core.package_identification:Package 'mnist_msgs' with type 'ros.ament_cmake' and name 'mnist_msgs'
[1.238s] Level 1:colcon.colcon_core.package_discovery:discover_packages(recursive) using defaults
[1.240s] Level 1:colcon.colcon_core.package_discovery:discover_packages(ignore) discover
[1.240s] Level 1:colcon.colcon_core.package_discovery:discover_packages(ignore) using defaults
[1.240s] Level 1:colcon.colcon_core.package_discovery:discover_packages(path) discover
[1.240s] Level 1:colcon.colcon_core.package_discovery:discover_packages(path) using defaults
[1.374s] Level 5:colcon.colcon_core.verb:set package 'mnist_msgs' build argument 'cmake_args' from command line to 'None'
[1.374s] Level 5:colcon.colcon_core.verb:set package 'mnist_msgs' build argument 'cmake_target' from command line to 'None'
[1.375s] Level 5:colcon.colcon_core.verb:set package 'mnist_msgs' build argument 'cmake_target_skip_unavailable' from command line to 'False'
[1.375s] Level 5:colcon.colcon_core.verb:set package 'mnist_msgs' build argument 'cmake_clean_cache' from command line to 'False'
[1.375s] Level 5:colcon.colcon_core.verb:set package 'mnist_msgs' build argument 'cmake_clean_first' from command line to 'False'
[1.375s] Level 5:colcon.colcon_core.verb:set package 'mnist_msgs' build argument 'cmake_force_configure' from command line to 'False'
[1.376s] Level 5:colcon.colcon_core.verb:set package 'mnist_msgs' build argument 'ament_cmake_args' from command line to 'None'
[1.376s] Level 5:colcon.colcon_core.verb:set package 'mnist_msgs' build argument 'catkin_cmake_args' from command line to 'None'
[1.376s] Level 5:colcon.colcon_core.verb:set package 'mnist_msgs' build argument 'catkin_skip_building_tests' from command line to 'False'
[1.376s] DEBUG:colcon.colcon_core.verb:Building package 'mnist_msgs' with the following arguments: {'ament_cmake_args': None, 'build_base': '/mnt/project/build.msg/build/mnist_msgs', 'catkin_cmake_args': None, 'catkin_skip_building_tests': False, 'cmake_args': None, 'cmake_clean_cache': False, 'cmake_clean_first': False, 'cmake_force_configure': False, 'cmake_target': None, 'cmake_target_skip_unavailable': False, 'install_base': '/mnt/project/build.msg/install/mnist_msgs', 'merge_install': False, 'path': '/mnt/project/build.msg/mnist_msgs', 'symlink_install': False, 'test_result_base': None}
[1.378s] INFO:colcon.colcon_core.executor:Executing jobs using 'parallel' executor
[1.444s] DEBUG:colcon.colcon_parallel_executor.executor.parallel:run_until_complete
[1.453s] INFO:colcon.colcon_ros.task.ament_cmake.build:Building ROS package in '/mnt/project/build.msg/mnist_msgs' with build type 'ament_cmake'
[1.457s] INFO:colcon.colcon_cmake.task.cmake.build:Building CMake package in '/mnt/project/build.msg/mnist_msgs'
[1.504s] INFO:colcon.colcon_core.plugin_system:Skipping extension 'colcon_core.shell.bat': Not used on non-Windows systems
[1.507s] INFO:colcon.colcon_core.shell:Skip shell extension 'powershell' for command environment: Not usable outside of PowerShell
[1.507s] DEBUG:colcon.colcon_core.shell:Skip shell extension 'dsv' for command environment
[1.526s] DEBUG:colcon.colcon_core.shell:Ignoring prefix path '/opt/ros/dashing'
[1.594s] DEBUG:colcon.colcon_core.event_handler.log_command:Invoking command in '/mnt/project/build.msg/build/mnist_msgs': CMAKE_PREFIX_PATH=/opt/ros/dashing /usr/bin/cmake /mnt/project/build.msg/mnist_msgs -DCMAKE_INSTALL_PREFIX=/mnt/project/build.msg/install/mnist_msgs
[27.044s] DEBUG:colcon.colcon_core.event_handler.log_command:Invoked command in '/mnt/project/build.msg/build/mnist_msgs' returned '0': CMAKE_PREFIX_PATH=/opt/ros/dashing /usr/bin/cmake /mnt/project/build.msg/mnist_msgs -DCMAKE_INSTALL_PREFIX=/mnt/project/build.msg/install/mnist_msgs
[27.056s] DEBUG:colcon.colcon_core.event_handler.log_command:Invoking command in '/mnt/project/build.msg/build/mnist_msgs': CMAKE_PREFIX_PATH=/opt/ros/dashing /usr/bin/cmake --build /mnt/project/build.msg/build/mnist_msgs -- -j12 -l12
[53.612s] DEBUG:colcon.colcon_core.event_handler.log_command:Invoked command in '/mnt/project/build.msg/build/mnist_msgs' returned '0': CMAKE_PREFIX_PATH=/opt/ros/dashing /usr/bin/cmake --build /mnt/project/build.msg/build/mnist_msgs -- -j12 -l12
[54.859s] DEBUG:colcon.colcon_core.event_handler.log_command:Invoking command in '/mnt/project/build.msg/build/mnist_msgs': CMAKE_PREFIX_PATH=/opt/ros/dashing /usr/bin/cmake --build /mnt/project/build.msg/build/mnist_msgs --target install -- -j12 -l12
[58.388s] Level 1:colcon.colcon_core.environment:create_environment_scripts_only(mnist_msgs)
[58.393s] DEBUG:colcon.colcon_core.event_handler.log_command:Invoked command in '/mnt/project/build.msg/build/mnist_msgs' returned '0': CMAKE_PREFIX_PATH=/opt/ros/dashing /usr/bin/cmake --build /mnt/project/build.msg/build/mnist_msgs --target install -- -j12 -l12
[58.422s] Level 1:colcon.colcon_core.environment:checking '/mnt/project/build.msg/install/mnist_msgs' for CMake module files
[58.429s] Level 1:colcon.colcon_core.environment:checking '/mnt/project/build.msg/install/mnist_msgs' for CMake config files
[58.434s] Level 1:colcon.colcon_core.shell:create_environment_hook('mnist_msgs', 'cmake_prefix_path')
[58.439s] INFO:colcon.colcon_core.shell:Creating environment hook '/mnt/project/build.msg/install/mnist_msgs/share/mnist_msgs/hook/cmake_prefix_path.ps1'
[58.449s] INFO:colcon.colcon_core.shell:Creating environment descriptor '/mnt/project/build.msg/install/mnist_msgs/share/mnist_msgs/hook/cmake_prefix_path.dsv'
[58.452s] INFO:colcon.colcon_core.shell:Creating environment hook '/mnt/project/build.msg/install/mnist_msgs/share/mnist_msgs/hook/cmake_prefix_path.sh'
[58.467s] Level 1:colcon.colcon_core.environment:checking '/mnt/project/build.msg/install/mnist_msgs/lib'
[58.468s] Level 1:colcon.colcon_core.shell:create_environment_hook('mnist_msgs', 'ld_library_path_lib')
[58.472s] INFO:colcon.colcon_core.shell:Creating environment hook '/mnt/project/build.msg/install/mnist_msgs/share/mnist_msgs/hook/ld_library_path_lib.ps1'
[58.474s] INFO:colcon.colcon_core.shell:Creating environment descriptor '/mnt/project/build.msg/install/mnist_msgs/share/mnist_msgs/hook/ld_library_path_lib.dsv'
[58.475s] INFO:colcon.colcon_core.shell:Creating environment hook '/mnt/project/build.msg/install/mnist_msgs/share/mnist_msgs/hook/ld_library_path_lib.sh'
[58.477s] Level 1:colcon.colcon_core.environment:checking '/mnt/project/build.msg/install/mnist_msgs/bin'
[58.478s] Level 1:colcon.colcon_core.environment:checking '/mnt/project/build.msg/install/mnist_msgs/lib/pkgconfig/mnist_msgs.pc'
[58.478s] Level 1:colcon.colcon_core.environment:checking '/mnt/project/build.msg/install/mnist_msgs/lib/python3.6/site-packages'
[58.478s] Level 1:colcon.colcon_core.shell:create_environment_hook('mnist_msgs', 'pythonpath')
[58.481s] INFO:colcon.colcon_core.shell:Creating environment hook '/mnt/project/build.msg/install/mnist_msgs/share/mnist_msgs/hook/pythonpath.ps1'
[58.483s] INFO:colcon.colcon_core.shell:Creating environment descriptor '/mnt/project/build.msg/install/mnist_msgs/share/mnist_msgs/hook/pythonpath.dsv'
[58.485s] INFO:colcon.colcon_core.shell:Creating environment hook '/mnt/project/build.msg/install/mnist_msgs/share/mnist_msgs/hook/pythonpath.sh'
[58.490s] INFO:colcon.colcon_core.shell:Creating package script '/mnt/project/build.msg/install/mnist_msgs/share/mnist_msgs/package.ps1'
[58.498s] INFO:colcon.colcon_core.shell:Creating package descriptor '/mnt/project/build.msg/install/mnist_msgs/share/mnist_msgs/package.dsv'
[58.502s] INFO:colcon.colcon_core.shell:Creating package script '/mnt/project/build.msg/install/mnist_msgs/share/mnist_msgs/package.sh'
[58.507s] INFO:colcon.colcon_core.shell:Creating package script '/mnt/project/build.msg/install/mnist_msgs/share/mnist_msgs/package.bash'
[58.514s] INFO:colcon.colcon_core.shell:Creating package script '/mnt/project/build.msg/install/mnist_msgs/share/mnist_msgs/package.zsh'
[58.518s] Level 1:colcon.colcon_core.environment:create_file_with_runtime_dependencies(/mnt/project/build.msg/install/mnist_msgs/share/colcon-core/packages/mnist_msgs)
[59.695s] Level 1:colcon.colcon_core.environment:create_environment_scripts_only(mnist_msgs)
[59.700s] Level 1:colcon.colcon_core.environment:checking '/mnt/project/build.msg/install/mnist_msgs' for CMake module files
[59.704s] Level 1:colcon.colcon_core.environment:checking '/mnt/project/build.msg/install/mnist_msgs' for CMake config files
[59.706s] Level 1:colcon.colcon_core.shell:create_environment_hook('mnist_msgs', 'cmake_prefix_path')
[59.709s] INFO:colcon.colcon_core.shell:Creating environment hook '/mnt/project/build.msg/install/mnist_msgs/share/mnist_msgs/hook/cmake_prefix_path.ps1'
[59.712s] INFO:colcon.colcon_core.shell:Creating environment descriptor '/mnt/project/build.msg/install/mnist_msgs/share/mnist_msgs/hook/cmake_prefix_path.dsv'
[59.713s] INFO:colcon.colcon_core.shell:Creating environment hook '/mnt/project/build.msg/install/mnist_msgs/share/mnist_msgs/hook/cmake_prefix_path.sh'
[59.719s] Level 1:colcon.colcon_core.environment:checking '/mnt/project/build.msg/install/mnist_msgs/lib'
[59.719s] Level 1:colcon.colcon_core.shell:create_environment_hook('mnist_msgs', 'ld_library_path_lib')
[59.722s] INFO:colcon.colcon_core.shell:Creating environment hook '/mnt/project/build.msg/install/mnist_msgs/share/mnist_msgs/hook/ld_library_path_lib.ps1'
[59.724s] INFO:colcon.colcon_core.shell:Creating environment descriptor '/mnt/project/build.msg/install/mnist_msgs/share/mnist_msgs/hook/ld_library_path_lib.dsv'
[59.726s] INFO:colcon.colcon_core.shell:Creating environment hook '/mnt/project/build.msg/install/mnist_msgs/share/mnist_msgs/hook/ld_library_path_lib.sh'
[59.727s] Level 1:colcon.colcon_core.environment:checking '/mnt/project/build.msg/install/mnist_msgs/bin'
[59.728s] Level 1:colcon.colcon_core.environment:checking '/mnt/project/build.msg/install/mnist_msgs/lib/pkgconfig/mnist_msgs.pc'
[59.728s] Level 1:colcon.colcon_core.environment:checking '/mnt/project/build.msg/install/mnist_msgs/lib/python3.6/site-packages'
[59.729s] Level 1:colcon.colcon_core.shell:create_environment_hook('mnist_msgs', 'pythonpath')
[59.732s] INFO:colcon.colcon_core.shell:Creating environment hook '/mnt/project/build.msg/install/mnist_msgs/share/mnist_msgs/hook/pythonpath.ps1'
[59.733s] INFO:colcon.colcon_core.shell:Creating environment descriptor '/mnt/project/build.msg/install/mnist_msgs/share/mnist_msgs/hook/pythonpath.dsv'
[59.735s] INFO:colcon.colcon_core.shell:Creating environment hook '/mnt/project/build.msg/install/mnist_msgs/share/mnist_msgs/hook/pythonpath.sh'
[59.741s] INFO:colcon.colcon_core.shell:Creating package script '/mnt/project/build.msg/install/mnist_msgs/share/mnist_msgs/package.ps1'
[59.744s] INFO:colcon.colcon_core.shell:Creating package descriptor '/mnt/project/build.msg/install/mnist_msgs/share/mnist_msgs/package.dsv'
[59.748s] INFO:colcon.colcon_core.shell:Creating package script '/mnt/project/build.msg/install/mnist_msgs/share/mnist_msgs/package.sh'
[59.751s] INFO:colcon.colcon_core.shell:Creating package script '/mnt/project/build.msg/install/mnist_msgs/share/mnist_msgs/package.bash'
[59.753s] INFO:colcon.colcon_core.shell:Creating package script '/mnt/project/build.msg/install/mnist_msgs/share/mnist_msgs/package.zsh'
[59.755s] Level 1:colcon.colcon_core.environment:create_file_with_runtime_dependencies(/mnt/project/build.msg/install/mnist_msgs/share/colcon-core/packages/mnist_msgs)
[59.756s] DEBUG:colcon.colcon_parallel_executor.executor.parallel:closing loop
[59.762s] DEBUG:colcon.colcon_parallel_executor.executor.parallel:loop closed
[59.762s] DEBUG:colcon.colcon_parallel_executor.executor.parallel:run_until_complete finished with '0'
[59.763s] DEBUG:colcon.colcon_core.event_reactor:joining thread
[59.798s] INFO:colcon.colcon_core.plugin_system:Skipping extension 'colcon_notification.desktop_notification.notify_send': Could not find 'notify-send'
[59.798s] INFO:colcon.colcon_core.plugin_system:Skipping extension 'colcon_notification.desktop_notification.terminal_notifier': Not used on non-Darwin systems
[59.799s] INFO:colcon.colcon_core.plugin_system:Skipping extension 'colcon_notification.desktop_notification.win32': Not used on non-Windows systems
[59.799s] INFO:colcon.colcon_notification.desktop_notification:Sending desktop notification using 'notify2'
[59.801s] DEBUG:colcon.colcon_notification.desktop_notification.notify2:Failed to initialize notify2: org.freedesktop.DBus.Error.NotSupported: Unable to autolaunch a dbus-daemon without a $DISPLAY for X11
[59.802s] DEBUG:colcon.colcon_core.event_reactor:joined thread
[59.805s] INFO:colcon.colcon_core.shell:Creating prefix script '/mnt/project/build.msg/install/local_setup.ps1'
[59.811s] INFO:colcon.colcon_core.shell:Creating prefix util module '/mnt/project/build.msg/install/_local_setup_util_ps1.py'
[59.822s] INFO:colcon.colcon_core.shell:Creating prefix chain script '/mnt/project/build.msg/install/setup.ps1'
[59.839s] INFO:colcon.colcon_core.shell:Creating prefix script '/mnt/project/build.msg/install/local_setup.sh'
[59.842s] INFO:colcon.colcon_core.shell:Creating prefix util module '/mnt/project/build.msg/install/_local_setup_util_sh.py'
[59.845s] INFO:colcon.colcon_core.shell:Creating prefix chain script '/mnt/project/build.msg/install/setup.sh'
[59.860s] INFO:colcon.colcon_core.shell:Creating prefix script '/mnt/project/build.msg/install/local_setup.bash'
[59.863s] INFO:colcon.colcon_core.shell:Creating prefix chain script '/mnt/project/build.msg/install/setup.bash'
[59.877s] INFO:colcon.colcon_core.shell:Creating prefix script '/mnt/project/build.msg/install/local_setup.zsh'
[59.880s] INFO:colcon.colcon_core.shell:Creating prefix chain script '/mnt/project/build.msg/install/setup.zsh'
