[0.262s] DEBUG:colcon:Command line arguments: ['/usr/bin/colcon', 'build']
[0.262s] DEBUG:colcon:Parsed command line arguments: Namespace(ament_cmake_args=None, base_paths=['.'], bazel_args=None, bazel_task=None, build_base='build', catkin_cmake_args=None, catkin_skip_building_tests=False, cmake_args=None, cmake_clean_cache=False, cmake_clean_first=False, cmake_force_configure=False, cmake_target=None, cmake_target_skip_unavailable=False, continue_on_error=False, event_handlers=None, executor='parallel', ignore_user_meta=False, install_base='install', log_base=None, log_level=None, main=<bound method BuildVerb.main of <colcon_core.verb.build.BuildVerb object at 0x7f373e9c7c18>>, merge_install=False, metas=['./colcon.meta'], mixin=None, mixin_files=None, mixin_verb=('build',), packages_above=None, packages_above_and_dependencies=None, packages_above_depth=None, packages_end=None, packages_ignore=None, packages_ignore_regex=None, packages_select=None, packages_select_build_failed=False, packages_select_by_dep=None, packages_select_regex=None, packages_select_test_failures=False, packages_skip=None, packages_skip_build_finished=False, packages_skip_by_dep=None, packages_skip_regex=None, packages_skip_test_passed=False, packages_skip_up_to=None, packages_start=None, packages_up_to=None, packages_up_to_regex=None, parallel_workers=12, paths=None, symlink_install=False, test_result_base=None, verb_extension=<colcon_core.verb.build.BuildVerb object at 0x7f373e9c7c18>, verb_name='build', verb_parser=<colcon_mixin.mixin.mixin_argument.MixinArgumentDecorator object at 0x7f373e9d3048>)
[0.283s] Level 1:colcon.colcon_core.package_discovery:discover_packages(colcon_meta) check parameters
[0.283s] Level 1:colcon.colcon_core.package_discovery:discover_packages(recursive) check parameters
[0.283s] Level 1:colcon.colcon_core.package_discovery:discover_packages(ignore) check parameters
[0.283s] Level 1:colcon.colcon_core.package_discovery:discover_packages(path) check parameters
[0.283s] Level 1:colcon.colcon_core.package_discovery:discover_packages(colcon_meta) discover
[0.283s] Level 1:colcon.colcon_core.package_discovery:discover_packages(recursive) discover
[0.283s] INFO:colcon.colcon_core.package_discovery:Crawling recursively for packages in '/home/christian/git/ReconROS_Examples/Mnist/client_app_x86/mnist_msgs'
[0.283s] Level 1:colcon.colcon_core.package_identification:_identify(.) by extensions ['ignore', 'ignore_ament_install']
[0.283s] Level 1:colcon.colcon_core.package_identification:_identify(.) by extension 'ignore'
[0.283s] Level 1:colcon.colcon_core.package_identification:_identify(.) by extension 'ignore_ament_install'
[0.284s] Level 1:colcon.colcon_core.package_identification:_identify(.) by extensions ['colcon_pkg']
[0.284s] Level 1:colcon.colcon_core.package_identification:_identify(.) by extension 'colcon_pkg'
[0.284s] Level 1:colcon.colcon_core.package_identification:_identify(.) by extensions ['colcon_meta']
[0.284s] Level 1:colcon.colcon_core.package_identification:_identify(.) by extension 'colcon_meta'
[0.284s] Level 1:colcon.colcon_core.package_identification:_identify(.) by extensions ['ros']
[0.284s] Level 1:colcon.colcon_core.package_identification:_identify(.) by extension 'ros'
[0.289s] DEBUG:colcon.colcon_core.package_identification:Package '.' with type 'ros.ament_cmake' and name 'mnist_msgs'
[0.289s] Level 1:colcon.colcon_core.package_discovery:discover_packages(recursive) using defaults
[0.289s] Level 1:colcon.colcon_core.package_discovery:discover_packages(ignore) discover
[0.289s] Level 1:colcon.colcon_core.package_discovery:discover_packages(ignore) using defaults
[0.289s] Level 1:colcon.colcon_core.package_discovery:discover_packages(path) discover
[0.289s] Level 1:colcon.colcon_core.package_discovery:discover_packages(path) using defaults
[0.320s] Level 5:colcon.colcon_core.verb:set package 'mnist_msgs' build argument 'bazel_args' from command line to 'None'
[0.320s] Level 5:colcon.colcon_core.verb:set package 'mnist_msgs' build argument 'bazel_task' from command line to 'None'
[0.320s] Level 5:colcon.colcon_core.verb:set package 'mnist_msgs' build argument 'cmake_args' from command line to 'None'
[0.320s] Level 5:colcon.colcon_core.verb:set package 'mnist_msgs' build argument 'cmake_target' from command line to 'None'
[0.320s] Level 5:colcon.colcon_core.verb:set package 'mnist_msgs' build argument 'cmake_target_skip_unavailable' from command line to 'False'
[0.320s] Level 5:colcon.colcon_core.verb:set package 'mnist_msgs' build argument 'cmake_clean_cache' from command line to 'False'
[0.320s] Level 5:colcon.colcon_core.verb:set package 'mnist_msgs' build argument 'cmake_clean_first' from command line to 'False'
[0.320s] Level 5:colcon.colcon_core.verb:set package 'mnist_msgs' build argument 'cmake_force_configure' from command line to 'False'
[0.320s] Level 5:colcon.colcon_core.verb:set package 'mnist_msgs' build argument 'ament_cmake_args' from command line to 'None'
[0.320s] Level 5:colcon.colcon_core.verb:set package 'mnist_msgs' build argument 'catkin_cmake_args' from command line to 'None'
[0.320s] Level 5:colcon.colcon_core.verb:set package 'mnist_msgs' build argument 'catkin_skip_building_tests' from command line to 'False'
[0.320s] DEBUG:colcon.colcon_core.verb:Building package 'mnist_msgs' with the following arguments: {'ament_cmake_args': None, 'bazel_args': None, 'bazel_task': None, 'build_base': '/home/christian/git/ReconROS_Examples/Mnist/client_app_x86/mnist_msgs/build/mnist_msgs', 'catkin_cmake_args': None, 'catkin_skip_building_tests': False, 'cmake_args': None, 'cmake_clean_cache': False, 'cmake_clean_first': False, 'cmake_force_configure': False, 'cmake_target': None, 'cmake_target_skip_unavailable': False, 'install_base': '/home/christian/git/ReconROS_Examples/Mnist/client_app_x86/mnist_msgs/install/mnist_msgs', 'merge_install': False, 'path': '/home/christian/git/ReconROS_Examples/Mnist/client_app_x86/mnist_msgs', 'symlink_install': False, 'test_result_base': None}
[0.321s] INFO:colcon.colcon_core.executor:Executing jobs using 'parallel' executor
[0.323s] DEBUG:colcon.colcon_parallel_executor.executor.parallel:run_until_complete
[0.323s] INFO:colcon.colcon_ros.task.ament_cmake.build:Building ROS package in '/home/christian/git/ReconROS_Examples/Mnist/client_app_x86/mnist_msgs' with build type 'ament_cmake'
[0.323s] INFO:colcon.colcon_cmake.task.cmake.build:Building CMake package in '/home/christian/git/ReconROS_Examples/Mnist/client_app_x86/mnist_msgs'
[0.330s] INFO:colcon.colcon_core.plugin_system:Skipping extension 'colcon_core.shell.bat': Not used on non-Windows systems
[0.331s] INFO:colcon.colcon_core.shell:Skip shell extension 'powershell' for command environment: Not usable outside of PowerShell
[0.331s] DEBUG:colcon.colcon_core.shell:Skip shell extension 'dsv' for command environment
[0.334s] DEBUG:colcon.colcon_core.shell:Ignoring prefix path '/opt/ros/dashing'
[0.339s] DEBUG:colcon.colcon_core.event_handler.log_command:Invoking command in '/home/christian/git/ReconROS_Examples/Mnist/client_app_x86/mnist_msgs/build/mnist_msgs': CMAKE_PREFIX_PATH=/opt/ros/dashing /usr/local/bin/cmake /home/christian/git/ReconROS_Examples/Mnist/client_app_x86/mnist_msgs -DCMAKE_INSTALL_PREFIX=/home/christian/git/ReconROS_Examples/Mnist/client_app_x86/mnist_msgs/install/mnist_msgs
[2.580s] DEBUG:colcon.colcon_core.event_handler.log_command:Invoked command in '/home/christian/git/ReconROS_Examples/Mnist/client_app_x86/mnist_msgs/build/mnist_msgs' returned '0': CMAKE_PREFIX_PATH=/opt/ros/dashing /usr/local/bin/cmake /home/christian/git/ReconROS_Examples/Mnist/client_app_x86/mnist_msgs -DCMAKE_INSTALL_PREFIX=/home/christian/git/ReconROS_Examples/Mnist/client_app_x86/mnist_msgs/install/mnist_msgs
[2.583s] DEBUG:colcon.colcon_core.event_handler.log_command:Invoking command in '/home/christian/git/ReconROS_Examples/Mnist/client_app_x86/mnist_msgs/build/mnist_msgs': CMAKE_PREFIX_PATH=/opt/ros/dashing /usr/local/bin/cmake --build /home/christian/git/ReconROS_Examples/Mnist/client_app_x86/mnist_msgs/build/mnist_msgs -- -j12 -l12
[4.891s] DEBUG:colcon.colcon_core.event_handler.log_command:Invoked command in '/home/christian/git/ReconROS_Examples/Mnist/client_app_x86/mnist_msgs/build/mnist_msgs' returned '0': CMAKE_PREFIX_PATH=/opt/ros/dashing /usr/local/bin/cmake --build /home/christian/git/ReconROS_Examples/Mnist/client_app_x86/mnist_msgs/build/mnist_msgs -- -j12 -l12
[4.996s] DEBUG:colcon.colcon_core.event_handler.log_command:Invoking command in '/home/christian/git/ReconROS_Examples/Mnist/client_app_x86/mnist_msgs/build/mnist_msgs': CMAKE_PREFIX_PATH=/opt/ros/dashing /usr/local/bin/cmake --install /home/christian/git/ReconROS_Examples/Mnist/client_app_x86/mnist_msgs/build/mnist_msgs
[5.073s] Level 1:colcon.colcon_core.environment:create_environment_scripts_only(mnist_msgs)
[5.075s] DEBUG:colcon.colcon_core.event_handler.log_command:Invoked command in '/home/christian/git/ReconROS_Examples/Mnist/client_app_x86/mnist_msgs/build/mnist_msgs' returned '0': CMAKE_PREFIX_PATH=/opt/ros/dashing /usr/local/bin/cmake --install /home/christian/git/ReconROS_Examples/Mnist/client_app_x86/mnist_msgs/build/mnist_msgs
[5.082s] Level 1:colcon.colcon_core.environment:checking '/home/christian/git/ReconROS_Examples/Mnist/client_app_x86/mnist_msgs/install/mnist_msgs' for CMake module files
[5.082s] Level 1:colcon.colcon_core.environment:checking '/home/christian/git/ReconROS_Examples/Mnist/client_app_x86/mnist_msgs/install/mnist_msgs' for CMake config files
[5.082s] Level 1:colcon.colcon_core.shell:create_environment_hook('mnist_msgs', 'cmake_prefix_path')
[5.083s] INFO:colcon.colcon_core.shell:Creating environment hook '/home/christian/git/ReconROS_Examples/Mnist/client_app_x86/mnist_msgs/install/mnist_msgs/share/mnist_msgs/hook/cmake_prefix_path.ps1'
[5.084s] INFO:colcon.colcon_core.shell:Creating environment descriptor '/home/christian/git/ReconROS_Examples/Mnist/client_app_x86/mnist_msgs/install/mnist_msgs/share/mnist_msgs/hook/cmake_prefix_path.dsv'
[5.085s] INFO:colcon.colcon_core.shell:Creating environment hook '/home/christian/git/ReconROS_Examples/Mnist/client_app_x86/mnist_msgs/install/mnist_msgs/share/mnist_msgs/hook/cmake_prefix_path.sh'
[5.086s] Level 1:colcon.colcon_core.environment:checking '/home/christian/git/ReconROS_Examples/Mnist/client_app_x86/mnist_msgs/install/mnist_msgs/lib'
[5.086s] Level 1:colcon.colcon_core.shell:create_environment_hook('mnist_msgs', 'ld_library_path_lib')
[5.087s] INFO:colcon.colcon_core.shell:Creating environment hook '/home/christian/git/ReconROS_Examples/Mnist/client_app_x86/mnist_msgs/install/mnist_msgs/share/mnist_msgs/hook/ld_library_path_lib.ps1'
[5.087s] INFO:colcon.colcon_core.shell:Creating environment descriptor '/home/christian/git/ReconROS_Examples/Mnist/client_app_x86/mnist_msgs/install/mnist_msgs/share/mnist_msgs/hook/ld_library_path_lib.dsv'
[5.087s] INFO:colcon.colcon_core.shell:Creating environment hook '/home/christian/git/ReconROS_Examples/Mnist/client_app_x86/mnist_msgs/install/mnist_msgs/share/mnist_msgs/hook/ld_library_path_lib.sh'
[5.087s] Level 1:colcon.colcon_core.environment:checking '/home/christian/git/ReconROS_Examples/Mnist/client_app_x86/mnist_msgs/install/mnist_msgs/bin'
[5.087s] Level 1:colcon.colcon_core.environment:checking '/home/christian/git/ReconROS_Examples/Mnist/client_app_x86/mnist_msgs/install/mnist_msgs/lib/pkgconfig/mnist_msgs.pc'
[5.088s] Level 1:colcon.colcon_core.environment:checking '/home/christian/git/ReconROS_Examples/Mnist/client_app_x86/mnist_msgs/install/mnist_msgs/lib/python3.6/site-packages'
[5.088s] Level 1:colcon.colcon_core.shell:create_environment_hook('mnist_msgs', 'pythonpath')
[5.088s] INFO:colcon.colcon_core.shell:Creating environment hook '/home/christian/git/ReconROS_Examples/Mnist/client_app_x86/mnist_msgs/install/mnist_msgs/share/mnist_msgs/hook/pythonpath.ps1'
[5.088s] INFO:colcon.colcon_core.shell:Creating environment descriptor '/home/christian/git/ReconROS_Examples/Mnist/client_app_x86/mnist_msgs/install/mnist_msgs/share/mnist_msgs/hook/pythonpath.dsv'
[5.089s] INFO:colcon.colcon_core.shell:Creating environment hook '/home/christian/git/ReconROS_Examples/Mnist/client_app_x86/mnist_msgs/install/mnist_msgs/share/mnist_msgs/hook/pythonpath.sh'
[5.090s] INFO:colcon.colcon_core.shell:Creating package script '/home/christian/git/ReconROS_Examples/Mnist/client_app_x86/mnist_msgs/install/mnist_msgs/share/mnist_msgs/package.ps1'
[5.091s] INFO:colcon.colcon_core.shell:Creating package descriptor '/home/christian/git/ReconROS_Examples/Mnist/client_app_x86/mnist_msgs/install/mnist_msgs/share/mnist_msgs/package.dsv'
[5.091s] INFO:colcon.colcon_core.shell:Creating package script '/home/christian/git/ReconROS_Examples/Mnist/client_app_x86/mnist_msgs/install/mnist_msgs/share/mnist_msgs/package.sh'
[5.092s] INFO:colcon.colcon_core.shell:Creating package script '/home/christian/git/ReconROS_Examples/Mnist/client_app_x86/mnist_msgs/install/mnist_msgs/share/mnist_msgs/package.bash'
[5.093s] INFO:colcon.colcon_core.shell:Creating package script '/home/christian/git/ReconROS_Examples/Mnist/client_app_x86/mnist_msgs/install/mnist_msgs/share/mnist_msgs/package.zsh'
[5.094s] Level 1:colcon.colcon_core.environment:create_file_with_runtime_dependencies(/home/christian/git/ReconROS_Examples/Mnist/client_app_x86/mnist_msgs/install/mnist_msgs/share/colcon-core/packages/mnist_msgs)
[5.162s] Level 1:colcon.colcon_core.environment:create_environment_scripts_only(mnist_msgs)
[5.163s] Level 1:colcon.colcon_core.environment:checking '/home/christian/git/ReconROS_Examples/Mnist/client_app_x86/mnist_msgs/install/mnist_msgs' for CMake module files
[5.164s] Level 1:colcon.colcon_core.environment:checking '/home/christian/git/ReconROS_Examples/Mnist/client_app_x86/mnist_msgs/install/mnist_msgs' for CMake config files
[5.164s] Level 1:colcon.colcon_core.shell:create_environment_hook('mnist_msgs', 'cmake_prefix_path')
[5.165s] INFO:colcon.colcon_core.shell:Creating environment hook '/home/christian/git/ReconROS_Examples/Mnist/client_app_x86/mnist_msgs/install/mnist_msgs/share/mnist_msgs/hook/cmake_prefix_path.ps1'
[5.165s] INFO:colcon.colcon_core.shell:Creating environment descriptor '/home/christian/git/ReconROS_Examples/Mnist/client_app_x86/mnist_msgs/install/mnist_msgs/share/mnist_msgs/hook/cmake_prefix_path.dsv'
[5.166s] INFO:colcon.colcon_core.shell:Creating environment hook '/home/christian/git/ReconROS_Examples/Mnist/client_app_x86/mnist_msgs/install/mnist_msgs/share/mnist_msgs/hook/cmake_prefix_path.sh'
[5.166s] Level 1:colcon.colcon_core.environment:checking '/home/christian/git/ReconROS_Examples/Mnist/client_app_x86/mnist_msgs/install/mnist_msgs/lib'
[5.166s] Level 1:colcon.colcon_core.shell:create_environment_hook('mnist_msgs', 'ld_library_path_lib')
[5.167s] INFO:colcon.colcon_core.shell:Creating environment hook '/home/christian/git/ReconROS_Examples/Mnist/client_app_x86/mnist_msgs/install/mnist_msgs/share/mnist_msgs/hook/ld_library_path_lib.ps1'
[5.167s] INFO:colcon.colcon_core.shell:Creating environment descriptor '/home/christian/git/ReconROS_Examples/Mnist/client_app_x86/mnist_msgs/install/mnist_msgs/share/mnist_msgs/hook/ld_library_path_lib.dsv'
[5.167s] INFO:colcon.colcon_core.shell:Creating environment hook '/home/christian/git/ReconROS_Examples/Mnist/client_app_x86/mnist_msgs/install/mnist_msgs/share/mnist_msgs/hook/ld_library_path_lib.sh'
[5.168s] Level 1:colcon.colcon_core.environment:checking '/home/christian/git/ReconROS_Examples/Mnist/client_app_x86/mnist_msgs/install/mnist_msgs/bin'
[5.168s] Level 1:colcon.colcon_core.environment:checking '/home/christian/git/ReconROS_Examples/Mnist/client_app_x86/mnist_msgs/install/mnist_msgs/lib/pkgconfig/mnist_msgs.pc'
[5.168s] Level 1:colcon.colcon_core.environment:checking '/home/christian/git/ReconROS_Examples/Mnist/client_app_x86/mnist_msgs/install/mnist_msgs/lib/python3.6/site-packages'
[5.168s] Level 1:colcon.colcon_core.shell:create_environment_hook('mnist_msgs', 'pythonpath')
[5.169s] INFO:colcon.colcon_core.shell:Creating environment hook '/home/christian/git/ReconROS_Examples/Mnist/client_app_x86/mnist_msgs/install/mnist_msgs/share/mnist_msgs/hook/pythonpath.ps1'
[5.169s] INFO:colcon.colcon_core.shell:Creating environment descriptor '/home/christian/git/ReconROS_Examples/Mnist/client_app_x86/mnist_msgs/install/mnist_msgs/share/mnist_msgs/hook/pythonpath.dsv'
[5.169s] INFO:colcon.colcon_core.shell:Creating environment hook '/home/christian/git/ReconROS_Examples/Mnist/client_app_x86/mnist_msgs/install/mnist_msgs/share/mnist_msgs/hook/pythonpath.sh'
[5.170s] INFO:colcon.colcon_core.shell:Creating package script '/home/christian/git/ReconROS_Examples/Mnist/client_app_x86/mnist_msgs/install/mnist_msgs/share/mnist_msgs/package.ps1'
[5.171s] INFO:colcon.colcon_core.shell:Creating package descriptor '/home/christian/git/ReconROS_Examples/Mnist/client_app_x86/mnist_msgs/install/mnist_msgs/share/mnist_msgs/package.dsv'
[5.171s] INFO:colcon.colcon_core.shell:Creating package script '/home/christian/git/ReconROS_Examples/Mnist/client_app_x86/mnist_msgs/install/mnist_msgs/share/mnist_msgs/package.sh'
[5.171s] INFO:colcon.colcon_core.shell:Creating package script '/home/christian/git/ReconROS_Examples/Mnist/client_app_x86/mnist_msgs/install/mnist_msgs/share/mnist_msgs/package.bash'
[5.172s] INFO:colcon.colcon_core.shell:Creating package script '/home/christian/git/ReconROS_Examples/Mnist/client_app_x86/mnist_msgs/install/mnist_msgs/share/mnist_msgs/package.zsh'
[5.172s] Level 1:colcon.colcon_core.environment:create_file_with_runtime_dependencies(/home/christian/git/ReconROS_Examples/Mnist/client_app_x86/mnist_msgs/install/mnist_msgs/share/colcon-core/packages/mnist_msgs)
[5.172s] DEBUG:colcon.colcon_parallel_executor.executor.parallel:closing loop
[5.173s] DEBUG:colcon.colcon_parallel_executor.executor.parallel:loop closed
[5.173s] DEBUG:colcon.colcon_parallel_executor.executor.parallel:run_until_complete finished with '0'
[5.173s] DEBUG:colcon.colcon_core.event_reactor:joining thread
[5.179s] INFO:colcon.colcon_core.plugin_system:Skipping extension 'colcon_notification.desktop_notification.terminal_notifier': Not used on non-Darwin systems
[5.179s] INFO:colcon.colcon_core.plugin_system:Skipping extension 'colcon_notification.desktop_notification.win32': Not used on non-Windows systems
[5.179s] INFO:colcon.colcon_notification.desktop_notification:Sending desktop notification using 'notify2'
[5.182s] DEBUG:colcon.colcon_core.event_reactor:joined thread
[5.182s] INFO:colcon.colcon_core.shell:Creating prefix script '/home/christian/git/ReconROS_Examples/Mnist/client_app_x86/mnist_msgs/install/local_setup.ps1'
[5.184s] INFO:colcon.colcon_core.shell:Creating prefix util module '/home/christian/git/ReconROS_Examples/Mnist/client_app_x86/mnist_msgs/install/_local_setup_util_ps1.py'
[5.185s] INFO:colcon.colcon_core.shell:Creating prefix chain script '/home/christian/git/ReconROS_Examples/Mnist/client_app_x86/mnist_msgs/install/setup.ps1'
[5.188s] INFO:colcon.colcon_core.shell:Creating prefix script '/home/christian/git/ReconROS_Examples/Mnist/client_app_x86/mnist_msgs/install/local_setup.sh'
[5.189s] INFO:colcon.colcon_core.shell:Creating prefix util module '/home/christian/git/ReconROS_Examples/Mnist/client_app_x86/mnist_msgs/install/_local_setup_util_sh.py'
[5.189s] INFO:colcon.colcon_core.shell:Creating prefix chain script '/home/christian/git/ReconROS_Examples/Mnist/client_app_x86/mnist_msgs/install/setup.sh'
[5.192s] INFO:colcon.colcon_core.shell:Creating prefix script '/home/christian/git/ReconROS_Examples/Mnist/client_app_x86/mnist_msgs/install/local_setup.bash'
[5.193s] INFO:colcon.colcon_core.shell:Creating prefix chain script '/home/christian/git/ReconROS_Examples/Mnist/client_app_x86/mnist_msgs/install/setup.bash'
[5.195s] INFO:colcon.colcon_core.shell:Creating prefix script '/home/christian/git/ReconROS_Examples/Mnist/client_app_x86/mnist_msgs/install/local_setup.zsh'
[5.196s] INFO:colcon.colcon_core.shell:Creating prefix chain script '/home/christian/git/ReconROS_Examples/Mnist/client_app_x86/mnist_msgs/install/setup.zsh'
