================================================================
  Vivado(TM) HLS - High-Level Synthesis from C, C++ and SystemC
  Version 2017.1
  Build 1846317 on Fri Apr 14 19:19:38 MDT 2017
  Copyright (C) 1986-2017 Xilinx, Inc. All Rights Reserved.
================================================================
INFO: [HLS 200-10] Running '/opt/Xilinx/Vivado_HLS/2017.1/bin/unwrapped/lnx64.o/vivado_hls'
INFO: [HLS 200-10] For user 'clienen' on host 'cc-9.cs.uni-paderborn.de' (Linux_x86_64 version 4.15.0-139-generic) on Thu Apr 29 08:57:47 CEST 2021
INFO: [HLS 200-10] On os Ubuntu 18.04.5 LTS
INFO: [HLS 200-10] In directory '/tmp/tmptmxchy8c'
INFO: [HLS 200-10] Creating and opening project '/tmp/tmptmxchy8c/hls'.
INFO: [HLS 200-10] Adding design file 'reconos_calls.h' to the project
INFO: [HLS 200-10] Adding design file 'reconos_thread.h' to the project
INFO: [HLS 200-10] Adding design file 'fullyconnected.cpp' to the project
INFO: [HLS 200-10] Adding design file 'convolution.cpp' to the project
INFO: [HLS 200-10] Adding design file 'rt_mnist.cpp' to the project
INFO: [HLS 200-10] Adding design file 'LeNet.cpp' to the project
INFO: [HLS 200-10] Adding design file 'pooling.cpp' to the project
INFO: [HLS 200-10] Adding design file 'activation.cpp' to the project
INFO: [HLS 200-10] Creating and opening solution '/tmp/tmptmxchy8c/hls/sol'.
INFO: [HLS 200-10] Setting target device to 'xc7z100ffg900-2'
INFO: [SYN 201-201] Setting up clock 'default' with a period of 10ns.
INFO: [HLS 200-10] Analyzing design file 'fullyconnected.cpp' ... 
INFO: [HLS 200-10] Analyzing design file 'convolution.cpp' ... 
INFO: [HLS 200-10] Analyzing design file 'rt_mnist.cpp' ... 
WARNING: [HLS 200-40] In file included from rt_mnist.cpp:13:
In file included from /upb/scratch/users/c/clienen/hw_build_mnist/build.msg/install/mnist_msgs/include/./mnist_msgs/srv/mnist.h:8:
/upb/scratch/users/c/clienen/hw_build_mnist/build.msg/install/mnist_msgs/include/./mnist_msgs/srv/mnist__struct.h:22:10: fatal error: 'sensor_msgs/msg/image__struct.h' file not found
#include "sensor_msgs/msg/image__struct.h"
         ^
1 error generated.
ERROR: [HLS 200-70] Compilation errors found:
Pragma processor failed: In file included from rt_mnist.cpp:13:
In file included from /upb/scratch/users/c/clienen/hw_build_mnist/build.msg/install/mnist_msgs/include/./mnist_msgs/srv/mnist.h:8:
/upb/scratch/users/c/clienen/hw_build_mnist/build.msg/install/mnist_msgs/include/./mnist_msgs/srv/mnist__struct.h:22:10: fatal error: 'sensor_msgs/msg/image__struct.h' file not found
#include "sensor_msgs/msg/image__struct.h"
         ^
1 error generated.
Failed checking during preprocessing.
    while executing
"source [lindex $::argv 1] "
    ("uplevel" body line 1)
    invoked from within
"uplevel \#0 { source [lindex $::argv 1] } "

